#! /usr/bin/vvp
:ivl_version "0.9.5 " "(v0_9_5)";
:vpi_time_precision + 0;
:vpi_module "system";
:vpi_module "v2005_math";
:vpi_module "va_math";
S_0x27baf30 .scope module, "top" "top" 2 3;
 .timescale 0 0;
v0x27da5d0_0 .var "clk", 0 0;
v0x27da670_0 .net "gnt0", 0 0, v0x27da080_0; 1 drivers
v0x27da720_0 .net "gnt1", 0 0, v0x27d9fe0_0; 1 drivers
v0x27da7d0_0 .net "gnt2", 0 0, v0x27d9f40_0; 1 drivers
v0x27da8b0_0 .net "gnt3", 0 0, v0x27d9ea0_0; 1 drivers
v0x27da960_0 .var "req0", 0 0;
v0x27da9e0_0 .var "req1", 0 0;
v0x27daa90_0 .var "req2", 0 0;
v0x27dab40_0 .var "req3", 0 0;
v0x27dabf0_0 .var "reset", 0 0;
E_0x27ae020 .event posedge, v0x27ae570_0;
S_0x27bb040 .scope module, "U" "rr_arbiter" 2 74, 3 5, S_0x27baf30;
 .timescale 0 0;
v0x27ae570_0 .net "clk", 0 0, v0x27da5d0_0; 1 drivers
v0x27d9ea0_0 .var "gnt0", 0 0;
v0x27d9f40_0 .var "gnt1", 0 0;
v0x27d9fe0_0 .var "gnt2", 0 0;
v0x27da080_0 .var "gnt3", 0 0;
v0x27da120_0 .net "req0", 0 0, v0x27dab40_0; 1 drivers
v0x27da200_0 .net "req1", 0 0, v0x27daa90_0; 1 drivers
v0x27da2a0_0 .net "req2", 0 0, v0x27da9e0_0; 1 drivers
v0x27da390_0 .net "req3", 0 0, v0x27da960_0; 1 drivers
v0x27da430_0 .net "reset", 0 0, v0x27dabf0_0; 1 drivers
v0x27da530_0 .var "state", 1 0;
E_0x27af050 .event posedge, v0x27da430_0, v0x27ae570_0;
    .scope S_0x27bb040;
T_0 ;
    %wait E_0x27af050;
    %load/v 8, v0x27da430_0, 1;
    %jmp/0xz  T_0.0, 8;
    %ix/load 0, 1, 0;
    %assign/v0 v0x27d9ea0_0, 0, 0;
    %ix/load 0, 1, 0;
    %assign/v0 v0x27d9f40_0, 0, 0;
    %ix/load 0, 1, 0;
    %assign/v0 v0x27d9fe0_0, 0, 0;
    %ix/load 0, 1, 0;
    %assign/v0 v0x27da080_0, 0, 0;
    %ix/load 0, 2, 0;
    %assign/v0 v0x27da530_0, 0, 0;
    %jmp T_0.1;
T_0.0 ;
    %load/v 8, v0x27da120_0, 1;
    %load/v 9, v0x27da200_0, 1;
    %or 8, 9, 1;
    %load/v 9, v0x27da2a0_0, 1;
    %or 8, 9, 1;
    %load/v 9, v0x27da390_0, 1;
    %or 8, 9, 1;
    %jmp/0xz  T_0.2, 8;
    %load/v 8, v0x27da530_0, 2;
    %mov 10, 0, 1;
    %cmpi/u 8, 0, 3;
    %jmp/0xz  T_0.4, 4;
    %load/v 8, v0x27da120_0, 1;
    %ix/load 0, 1, 0;
    %assign/v0 v0x27d9ea0_0, 0, 8;
    %load/v 8, v0x27da200_0, 1;
    %load/v 9, v0x27da120_0, 1;
    %inv 9, 1;
    %and 8, 9, 1;
    %ix/load 0, 1, 0;
    %assign/v0 v0x27d9f40_0, 0, 8;
    %load/v 8, v0x27da2a0_0, 1;
    %load/v 9, v0x27da200_0, 1;
    %inv 9, 1;
    %and 8, 9, 1;
    %load/v 9, v0x27da120_0, 1;
    %inv 9, 1;
    %and 8, 9, 1;
    %ix/load 0, 1, 0;
    %assign/v0 v0x27d9fe0_0, 0, 8;
    %load/v 8, v0x27da390_0, 1;
    %load/v 9, v0x27da2a0_0, 1;
    %inv 9, 1;
    %and 8, 9, 1;
    %load/v 9, v0x27da200_0, 1;
    %inv 9, 1;
    %and 8, 9, 1;
    %load/v 9, v0x27da120_0, 1;
    %inv 9, 1;
    %and 8, 9, 1;
    %ix/load 0, 1, 0;
    %assign/v0 v0x27da080_0, 0, 8;
    %movi 8, 1, 2;
    %ix/load 0, 2, 0;
    %assign/v0 v0x27da530_0, 0, 8;
    %jmp T_0.5;
T_0.4 ;
    %load/v 8, v0x27da530_0, 2;
    %mov 10, 0, 1;
    %cmpi/u 8, 1, 3;
    %jmp/0xz  T_0.6, 4;
    %load/v 8, v0x27da200_0, 1;
    %ix/load 0, 1, 0;
    %assign/v0 v0x27d9f40_0, 0, 8;
    %load/v 8, v0x27da200_0, 1;
    %inv 8, 1;
    %load/v 9, v0x27da2a0_0, 1;
    %and 8, 9, 1;
    %ix/load 0, 1, 0;
    %assign/v0 v0x27d9fe0_0, 0, 8;
    %load/v 8, v0x27da2a0_0, 1;
    %inv 8, 1;
    %load/v 9, v0x27da200_0, 1;
    %inv 9, 1;
    %and 8, 9, 1;
    %load/v 9, v0x27da390_0, 1;
    %and 8, 9, 1;
    %ix/load 0, 1, 0;
    %assign/v0 v0x27da080_0, 0, 8;
    %load/v 8, v0x27da390_0, 1;
    %inv 8, 1;
    %load/v 9, v0x27da2a0_0, 1;
    %inv 9, 1;
    %and 8, 9, 1;
    %load/v 9, v0x27da200_0, 1;
    %inv 9, 1;
    %and 8, 9, 1;
    %load/v 9, v0x27da120_0, 1;
    %and 8, 9, 1;
    %ix/load 0, 1, 0;
    %assign/v0 v0x27d9ea0_0, 0, 8;
    %movi 8, 2, 2;
    %ix/load 0, 2, 0;
    %assign/v0 v0x27da530_0, 0, 8;
    %jmp T_0.7;
T_0.6 ;
    %load/v 8, v0x27da530_0, 2;
    %mov 10, 0, 2;
    %cmpi/u 8, 2, 4;
    %jmp/0xz  T_0.8, 4;
    %load/v 8, v0x27da2a0_0, 1;
    %ix/load 0, 1, 0;
    %assign/v0 v0x27d9fe0_0, 0, 8;
    %load/v 8, v0x27da2a0_0, 1;
    %inv 8, 1;
    %load/v 9, v0x27da390_0, 1;
    %and 8, 9, 1;
    %ix/load 0, 1, 0;
    %assign/v0 v0x27da080_0, 0, 8;
    %load/v 8, v0x27da390_0, 1;
    %inv 8, 1;
    %load/v 9, v0x27da2a0_0, 1;
    %inv 9, 1;
    %and 8, 9, 1;
    %load/v 9, v0x27da120_0, 1;
    %and 8, 9, 1;
    %ix/load 0, 1, 0;
    %assign/v0 v0x27d9ea0_0, 0, 8;
    %load/v 8, v0x27da120_0, 1;
    %inv 8, 1;
    %load/v 9, v0x27da390_0, 1;
    %inv 9, 1;
    %and 8, 9, 1;
    %load/v 9, v0x27da2a0_0, 1;
    %inv 9, 1;
    %and 8, 9, 1;
    %load/v 9, v0x27da200_0, 1;
    %and 8, 9, 1;
    %ix/load 0, 1, 0;
    %assign/v0 v0x27d9f40_0, 0, 8;
    %ix/load 0, 2, 0;
    %assign/v0 v0x27da530_0, 0, 1;
    %jmp T_0.9;
T_0.8 ;
    %load/v 8, v0x27da530_0, 2;
    %mov 10, 0, 2;
    %cmpi/u 8, 3, 4;
    %jmp/0xz  T_0.10, 4;
    %load/v 8, v0x27da390_0, 1;
    %ix/load 0, 1, 0;
    %assign/v0 v0x27da080_0, 0, 8;
    %load/v 8, v0x27da390_0, 1;
    %inv 8, 1;
    %load/v 9, v0x27da120_0, 1;
    %and 8, 9, 1;
    %ix/load 0, 1, 0;
    %assign/v0 v0x27d9ea0_0, 0, 8;
    %load/v 8, v0x27da390_0, 1;
    %inv 8, 1;
    %load/v 9, v0x27da120_0, 1;
    %inv 9, 1;
    %and 8, 9, 1;
    %load/v 9, v0x27da200_0, 1;
    %and 8, 9, 1;
    %ix/load 0, 1, 0;
    %assign/v0 v0x27d9f40_0, 0, 8;
    %load/v 8, v0x27da390_0, 1;
    %inv 8, 1;
    %load/v 9, v0x27da120_0, 1;
    %inv 9, 1;
    %and 8, 9, 1;
    %load/v 9, v0x27da200_0, 1;
    %inv 9, 1;
    %and 8, 9, 1;
    %load/v 9, v0x27da2a0_0, 1;
    %and 8, 9, 1;
    %ix/load 0, 1, 0;
    %assign/v0 v0x27d9fe0_0, 0, 8;
    %ix/load 0, 2, 0;
    %assign/v0 v0x27da530_0, 0, 0;
T_0.10 ;
T_0.9 ;
T_0.7 ;
T_0.5 ;
T_0.2 ;
T_0.1 ;
    %jmp T_0;
    .thread T_0;
    .scope S_0x27baf30;
T_1 ;
    %delay 1, 0;
    %load/v 8, v0x27da5d0_0, 1;
    %inv 8, 1;
    %set/v v0x27da5d0_0, 8, 1;
    %jmp T_1;
    .thread T_1;
    .scope S_0x27baf30;
T_2 ;
    %vpi_call 2 19 "$dumpfile", "arbiter.vcd";
    %vpi_call 2 20 "$dumpvars";
    %set/v v0x27da5d0_0, 0, 1;
    %set/v v0x27dabf0_0, 1, 1;
    %set/v v0x27da960_0, 0, 1;
    %set/v v0x27da9e0_0, 0, 1;
    %set/v v0x27daa90_0, 0, 1;
    %set/v v0x27dab40_0, 0, 1;
    %delay 10, 0;
    %set/v v0x27dabf0_0, 0, 1;
    %wait E_0x27ae020;
    %ix/load 0, 1, 0;
    %assign/v0 v0x27da960_0, 0, 1;
    %ix/load 0, 1, 0;
    %assign/v0 v0x27da9e0_0, 0, 1;
    %ix/load 0, 1, 0;
    %assign/v0 v0x27daa90_0, 0, 1;
    %ix/load 0, 1, 0;
    %assign/v0 v0x27dab40_0, 0, 1;
    %wait E_0x27ae020;
    %ix/load 0, 1, 0;
    %assign/v0 v0x27da960_0, 0, 1;
    %ix/load 0, 1, 0;
    %assign/v0 v0x27da9e0_0, 0, 1;
    %ix/load 0, 1, 0;
    %assign/v0 v0x27daa90_0, 0, 1;
    %ix/load 0, 1, 0;
    %assign/v0 v0x27dab40_0, 0, 1;
    %wait E_0x27ae020;
    %ix/load 0, 1, 0;
    %assign/v0 v0x27da960_0, 0, 1;
    %ix/load 0, 1, 0;
    %assign/v0 v0x27da9e0_0, 0, 1;
    %ix/load 0, 1, 0;
    %assign/v0 v0x27daa90_0, 0, 1;
    %ix/load 0, 1, 0;
    %assign/v0 v0x27dab40_0, 0, 1;
    %wait E_0x27ae020;
    %ix/load 0, 1, 0;
    %assign/v0 v0x27da960_0, 0, 1;
    %ix/load 0, 1, 0;
    %assign/v0 v0x27da9e0_0, 0, 1;
    %ix/load 0, 1, 0;
    %assign/v0 v0x27daa90_0, 0, 1;
    %ix/load 0, 1, 0;
    %assign/v0 v0x27dab40_0, 0, 1;
    %wait E_0x27ae020;
    %ix/load 0, 1, 0;
    %assign/v0 v0x27da960_0, 0, 1;
    %ix/load 0, 1, 0;
    %assign/v0 v0x27da9e0_0, 0, 1;
    %ix/load 0, 1, 0;
    %assign/v0 v0x27daa90_0, 0, 1;
    %ix/load 0, 1, 0;
    %assign/v0 v0x27dab40_0, 0, 1;
    %delay 50, 0;
    %vpi_call 2 70 "$finish";
    %end;
    .thread T_2;
# The file index is used to find the file name in the following table.
:file_names 4;
    "N/A";
    "<interactive>";
    "rr_arbiter_tb.v";
    "./rr_arbiter.v";
